TN:
SF:src\app.controller.ts
FN:6,(anonymous_2)
FN:9,(anonymous_3)
FNF:2
FNH:2
FNDA:1,(anonymous_2)
FNDA:1,(anonymous_3)
DA:1,1
DA:2,1
DA:5,1
DA:6,1
DA:9,1
DA:10,1
LF:6
LH:6
BRDA:6,0,0,1
BRDA:6,0,1,0
BRDA:6,1,0,1
BRDA:6,1,1,1
BRF:4
BRH:3
end_of_record
TN:
SF:src\app.service.ts
FN:5,(anonymous_1)
FNF:1
FNH:1
FNDA:1,(anonymous_1)
DA:1,1
DA:4,1
DA:6,1
LF:3
LH:3
BRF:0
BRH:0
end_of_record
TN:
SF:src\middleware\auth.middleware.ts
FN:8,(anonymous_11)
FN:10,(anonymous_12)
FNF:2
FNH:2
FNDA:2,(anonymous_11)
FNDA:1,(anonymous_12)
DA:1,1
DA:2,1
DA:4,1
DA:7,1
DA:8,2
DA:11,1
DA:13,1
DA:14,0
DA:17,1
DA:19,1
DA:20,1
DA:22,1
DA:23,0
DA:26,1
DA:27,1
DA:28,1
DA:31,0
DA:32,0
DA:34,0
LF:19
LH:14
BRDA:13,0,0,0
BRDA:13,0,1,1
BRDA:13,1,0,1
BRDA:13,1,1,1
BRDA:22,2,0,0
BRDA:22,2,1,1
BRDA:31,3,0,0
BRDA:31,3,1,0
BRDA:8,4,0,1
BRDA:8,4,1,0
BRDA:8,5,0,1
BRDA:8,5,1,1
BRF:12
BRH:7
end_of_record
