{"C:\\Users\\Jesús De Araujo\\Desktop\\Programacion Backend\\Proyectos\\e-ticket-platform\\events-service\\src\\events\\events.controller.ts": {"path":"C:\\Users\\Jesús De Araujo\\Desktop\\Programacion Backend\\Proyectos\\e-ticket-platform\\events-service\\src\\events\\events.controller.ts","statementMap":{"0":{"start":{"line":1,"column":0},"end":{"line":1,"column":79}},"1":{"start":{"line":2,"column":0},"end":{"line":2,"column":49}},"2":{"start":{"line":3,"column":0},"end":{"line":3,"column":56}},"3":{"start":{"line":4,"column":0},"end":{"line":4,"column":55}},"4":{"start":{"line":7,"column":7},"end":{"line":25,"column":null}},"5":{"start":{"line":8,"column":31},"end":{"line":8,"column":46}},"6":{"start":{"line":13,"column":4},"end":{"line":13,"column":53}},"7":{"start":{"line":18,"column":4},"end":{"line":18,"column":40}},"8":{"start":{"line":23,"column":4},"end":{"line":23,"column":42}},"9":{"start":{"line":7,"column":13},"end":{"line":7,"column":29}},"10":{"start":{"line":12,"column":2},"end":{"line":14,"column":null}},"11":{"start":{"line":17,"column":2},"end":{"line":19,"column":null}},"12":{"start":{"line":22,"column":2},"end":{"line":24,"column":null}},"13":{"start":{"line":7,"column":13},"end":{"line":25,"column":null}}},"fnMap":{"0":{"name":"(anonymous_4)","decl":{"start":{"line":8,"column":2},"end":{"line":8,"column":31}},"loc":{"start":{"line":8,"column":59},"end":{"line":8,"column":63}}},"1":{"name":"(anonymous_5)","decl":{"start":{"line":12,"column":2},"end":{"line":12,"column":8}},"loc":{"start":{"line":12,"column":47},"end":{"line":14,"column":3}}},"2":{"name":"(anonymous_6)","decl":{"start":{"line":17,"column":2},"end":{"line":17,"column":9}},"loc":{"start":{"line":17,"column":9},"end":{"line":19,"column":3}}},"3":{"name":"(anonymous_7)","decl":{"start":{"line":22,"column":2},"end":{"line":22,"column":9}},"loc":{"start":{"line":22,"column":33},"end":{"line":24,"column":3}}}},"branchMap":{"0":{"loc":{"start":{"line":12,"column":33},"end":{"line":12,"column":null}},"type":"cond-expr","locations":[{"start":{"line":12,"column":47},"end":{"line":12,"column":null}},{"start":{"line":12,"column":47},"end":{"line":12,"column":null}}]},"1":{"loc":{"start":{"line":12,"column":33},"end":{"line":12,"column":47}},"type":"binary-expr","locations":[{"start":{"line":12,"column":33},"end":{"line":12,"column":null}},{"start":{"line":12,"column":33},"end":{"line":12,"column":47}}]},"2":{"loc":{"start":{"line":8,"column":46},"end":{"line":8,"column":62}},"type":"cond-expr","locations":[{"start":{"line":8,"column":59},"end":{"line":8,"column":62}},{"start":{"line":8,"column":59},"end":{"line":8,"column":62}}]},"3":{"loc":{"start":{"line":8,"column":46},"end":{"line":8,"column":59}},"type":"binary-expr","locations":[{"start":{"line":8,"column":46},"end":{"line":8,"column":62}},{"start":{"line":8,"column":46},"end":{"line":8,"column":59}}]}},"s":{"0":1,"1":1,"2":1,"3":1,"4":1,"5":2,"6":1,"7":0,"8":0,"9":1,"10":1,"11":1,"12":1,"13":1},"f":{"0":2,"1":1,"2":0,"3":0},"b":{"0":[1,0],"1":[1,1],"2":[1,0],"3":[1,1]}}
,"C:\\Users\\Jesús De Araujo\\Desktop\\Programacion Backend\\Proyectos\\e-ticket-platform\\events-service\\src\\events\\events.repository.ts": {"path":"C:\\Users\\Jesús De Araujo\\Desktop\\Programacion Backend\\Proyectos\\e-ticket-platform\\events-service\\src\\events\\events.repository.ts","statementMap":{"0":{"start":{"line":1,"column":0},"end":{"line":1,"column":63}},"1":{"start":{"line":2,"column":0},"end":{"line":2,"column":47}},"2":{"start":{"line":3,"column":0},"end":{"line":3,"column":33}},"3":{"start":{"line":4,"column":0},"end":{"line":4,"column":48}},"4":{"start":{"line":8,"column":7},"end":{"line":28,"column":null}},"5":{"start":{"line":9,"column":58},"end":{"line":9,"column":70}},"6":{"start":{"line":12,"column":25},"end":{"line":12,"column":60}},"7":{"start":{"line":13,"column":8},"end":{"line":13,"column":31}},"8":{"start":{"line":17,"column":8},"end":{"line":17,"column":45}},"9":{"start":{"line":21,"column":22},"end":{"line":21,"column":63}},"10":{"start":{"line":22,"column":8},"end":{"line":24,"column":9}},"11":{"start":{"line":23,"column":12},"end":{"line":23,"column":84}},"12":{"start":{"line":26,"column":8},"end":{"line":26,"column":21}},"13":{"start":{"line":8,"column":13},"end":{"line":8,"column":29}},"14":{"start":{"line":8,"column":13},"end":{"line":28,"column":null}}},"fnMap":{"0":{"name":"(anonymous_4)","decl":{"start":{"line":9,"column":4},"end":{"line":9,"column":17}},"loc":{"start":{"line":9,"column":82},"end":{"line":9,"column":86}}},"1":{"name":"(anonymous_5)","decl":{"start":{"line":11,"column":4},"end":{"line":11,"column":9}},"loc":{"start":{"line":11,"column":47},"end":{"line":14,"column":5}}},"2":{"name":"(anonymous_6)","decl":{"start":{"line":16,"column":4},"end":{"line":16,"column":9}},"loc":{"start":{"line":16,"column":17},"end":{"line":18,"column":5}}},"3":{"name":"(anonymous_7)","decl":{"start":{"line":20,"column":4},"end":{"line":20,"column":9}},"loc":{"start":{"line":20,"column":28},"end":{"line":27,"column":5}}}},"branchMap":{"0":{"loc":{"start":{"line":22,"column":8},"end":{"line":24,"column":9}},"type":"if","locations":[{"start":{"line":22,"column":8},"end":{"line":24,"column":9}},{"start":{},"end":{}}]},"1":{"loc":{"start":{"line":9,"column":70},"end":{"line":9,"column":82}},"type":"cond-expr","locations":[{"start":{"line":9,"column":75},"end":{"line":9,"column":82}},{"start":{"line":9,"column":75},"end":{"line":9,"column":82}}]},"2":{"loc":{"start":{"line":9,"column":70},"end":{"line":9,"column":75}},"type":"binary-expr","locations":[{"start":{"line":9,"column":70},"end":{"line":9,"column":82}},{"start":{"line":9,"column":70},"end":{"line":9,"column":75}}]}},"s":{"0":3,"1":3,"2":3,"3":3,"4":3,"5":4,"6":1,"7":1,"8":1,"9":1,"10":1,"11":0,"12":1,"13":3,"14":3},"f":{"0":4,"1":1,"2":1,"3":1},"b":{"0":[0,1],"1":[3,0],"2":[3,3]}}
,"C:\\Users\\Jesús De Araujo\\Desktop\\Programacion Backend\\Proyectos\\e-ticket-platform\\events-service\\src\\events\\events.service.ts": {"path":"C:\\Users\\Jesús De Araujo\\Desktop\\Programacion Backend\\Proyectos\\e-ticket-platform\\events-service\\src\\events\\events.service.ts","statementMap":{"0":{"start":{"line":1,"column":0},"end":{"line":1,"column":52}},"1":{"start":{"line":2,"column":0},"end":{"line":2,"column":52}},"2":{"start":{"line":4,"column":0},"end":{"line":4,"column":55}},"3":{"start":{"line":7,"column":7},"end":{"line":31,"column":null}},"4":{"start":{"line":9,"column":21},"end":{"line":9,"column":33}},"5":{"start":{"line":10,"column":46},"end":{"line":10,"column":59}},"6":{"start":{"line":14,"column":21},"end":{"line":14,"column":65}},"7":{"start":{"line":15,"column":4},"end":{"line":20,"column":7}},"8":{"start":{"line":21,"column":4},"end":{"line":21,"column":20}},"9":{"start":{"line":25,"column":4},"end":{"line":25,"column":37}},"10":{"start":{"line":29,"column":4},"end":{"line":29,"column":39}},"11":{"start":{"line":7,"column":13},"end":{"line":7,"column":26}},"12":{"start":{"line":7,"column":13},"end":{"line":31,"column":null}}},"fnMap":{"0":{"name":"(anonymous_4)","decl":{"start":{"line":8,"column":2},"end":{"line":8,"column":null}},"loc":{"start":{"line":10,"column":70},"end":{"line":11,"column":6}}},"1":{"name":"(anonymous_5)","decl":{"start":{"line":13,"column":2},"end":{"line":13,"column":7}},"loc":{"start":{"line":13,"column":45},"end":{"line":22,"column":3}}},"2":{"name":"(anonymous_6)","decl":{"start":{"line":24,"column":2},"end":{"line":24,"column":9}},"loc":{"start":{"line":24,"column":9},"end":{"line":26,"column":3}}},"3":{"name":"(anonymous_7)","decl":{"start":{"line":28,"column":2},"end":{"line":28,"column":9}},"loc":{"start":{"line":28,"column":20},"end":{"line":30,"column":3}}}},"branchMap":{"0":{"loc":{"start":{"line":19,"column":13},"end":{"line":19,"column":40}},"type":"binary-expr","locations":[{"start":{"line":19,"column":13},"end":{"line":19,"column":33}},{"start":{"line":19,"column":37},"end":{"line":19,"column":40}}]},"1":{"loc":{"start":{"line":9,"column":33},"end":{"line":9,"column":null}},"type":"cond-expr","locations":[{"start":{"line":9,"column":49},"end":{"line":9,"column":null}},{"start":{"line":9,"column":49},"end":{"line":9,"column":null}}]},"2":{"loc":{"start":{"line":9,"column":33},"end":{"line":9,"column":49}},"type":"binary-expr","locations":[{"start":{"line":9,"column":33},"end":{"line":9,"column":null}},{"start":{"line":9,"column":33},"end":{"line":9,"column":49}}]},"3":{"loc":{"start":{"line":9,"column":49},"end":{"line":10,"column":null}},"type":"cond-expr","locations":[{"start":{"line":10,"column":70},"end":{"line":10,"column":null}},{"start":{"line":10,"column":70},"end":{"line":10,"column":null}}]},"4":{"loc":{"start":{"line":9,"column":49},"end":{"line":10,"column":70}},"type":"binary-expr","locations":[{"start":{"line":9,"column":49},"end":{"line":10,"column":null}},{"start":{"line":10,"column":59},"end":{"line":10,"column":70}}]}},"s":{"0":2,"1":2,"2":2,"3":2,"4":4,"5":4,"6":1,"7":1,"8":1,"9":1,"10":1,"11":2,"12":2},"f":{"0":4,"1":1,"2":1,"3":1},"b":{"0":[1,0],"1":[2,0],"2":[2,2],"3":[2,0],"4":[2,2]}}
,"C:\\Users\\Jesús De Araujo\\Desktop\\Programacion Backend\\Proyectos\\e-ticket-platform\\events-service\\src\\events\\schemas\\events.schema.ts": {"path":"C:\\Users\\Jesús De Araujo\\Desktop\\Programacion Backend\\Proyectos\\e-ticket-platform\\events-service\\src\\events\\schemas\\events.schema.ts","statementMap":{"0":{"start":{"line":1,"column":0},"end":{"line":1,"column":63}},"1":{"start":{"line":2,"column":0},"end":{"line":2,"column":36}},"2":{"start":{"line":5,"column":7},"end":{"line":20,"column":null}},"3":{"start":{"line":5,"column":13},"end":{"line":5,"column":18}},"4":{"start":{"line":7,"column":4},"end":{"line":7,"column":null}},"5":{"start":{"line":10,"column":4},"end":{"line":10,"column":null}},"6":{"start":{"line":13,"column":4},"end":{"line":13,"column":null}},"7":{"start":{"line":16,"column":4},"end":{"line":16,"column":null}},"8":{"start":{"line":19,"column":4},"end":{"line":19,"column":null}},"9":{"start":{"line":5,"column":13},"end":{"line":20,"column":null}},"10":{"start":{"line":22,"column":13},"end":{"line":22,"column":63}}},"fnMap":{},"branchMap":{"0":{"loc":{"start":{"line":13,"column":11},"end":{"line":13,"column":16}},"type":"cond-expr","locations":[{"start":{"line":13,"column":15},"end":{"line":13,"column":16}},{"start":{"line":13,"column":15},"end":{"line":13,"column":16}}]},"1":{"loc":{"start":{"line":13,"column":11},"end":{"line":13,"column":15}},"type":"binary-expr","locations":[{"start":{"line":13,"column":11},"end":{"line":13,"column":16}},{"start":{"line":13,"column":11},"end":{"line":13,"column":15}}]}},"s":{"0":3,"1":3,"2":3,"3":3,"4":3,"5":3,"6":3,"7":3,"8":3,"9":3,"10":3},"f":{},"b":{"0":[3,0],"1":[3,3]}}
}
