TN:
SF:src\events\events.controller.ts
FN:8,(anonymous_4)
FN:12,(anonymous_5)
FN:17,(anonymous_6)
FN:22,(anonymous_7)
FNF:4
FNH:2
FNDA:2,(anonymous_4)
FNDA:1,(anonymous_5)
FNDA:0,(anonymous_6)
FNDA:0,(anonymous_7)
DA:1,1
DA:2,1
DA:3,1
DA:4,1
DA:7,1
DA:8,2
DA:12,1
DA:13,1
DA:17,1
DA:18,0
DA:22,1
DA:23,0
LF:12
LH:10
BRDA:12,0,0,1
BRDA:12,0,1,0
BRDA:12,1,0,1
BRDA:12,1,1,1
BRDA:8,2,0,1
BRDA:8,2,1,0
BRDA:8,3,0,1
BRDA:8,3,1,1
BRF:8
BRH:6
end_of_record
TN:
SF:src\events\events.repository.ts
FN:9,(anonymous_4)
FN:11,(anonymous_5)
FN:16,(anonymous_6)
FN:20,(anonymous_7)
FNF:4
FNH:4
FNDA:4,(anonymous_4)
FNDA:1,(anonymous_5)
FNDA:1,(anonymous_6)
FNDA:1,(anonymous_7)
DA:1,3
DA:2,3
DA:3,3
DA:4,3
DA:8,3
DA:9,4
DA:12,1
DA:13,1
DA:17,1
DA:21,1
DA:22,1
DA:23,0
DA:26,1
LF:13
LH:12
BRDA:22,0,0,0
BRDA:22,0,1,1
BRDA:9,1,0,3
BRDA:9,1,1,0
BRDA:9,2,0,3
BRDA:9,2,1,3
BRF:6
BRH:4
end_of_record
TN:
SF:src\events\events.service.ts
FN:8,(anonymous_4)
FN:13,(anonymous_5)
FN:24,(anonymous_6)
FN:28,(anonymous_7)
FNF:4
FNH:4
FNDA:4,(anonymous_4)
FNDA:1,(anonymous_5)
FNDA:1,(anonymous_6)
FNDA:1,(anonymous_7)
DA:1,2
DA:2,2
DA:4,2
DA:7,2
DA:9,4
DA:10,4
DA:14,1
DA:15,1
DA:21,1
DA:25,1
DA:29,1
LF:11
LH:11
BRDA:19,0,0,1
BRDA:19,0,1,0
BRDA:9,1,0,2
BRDA:9,1,1,0
BRDA:9,2,0,2
BRDA:9,2,1,2
BRDA:9,3,0,2
BRDA:9,3,1,0
BRDA:9,4,0,2
BRDA:9,4,1,2
BRF:10
BRH:7
end_of_record
TN:
SF:src\events\schemas\events.schema.ts
FNF:0
FNH:0
DA:1,3
DA:2,3
DA:5,3
DA:7,3
DA:10,3
DA:13,3
DA:16,3
DA:19,3
DA:22,3
LF:9
LH:9
BRDA:13,0,0,3
BRDA:13,0,1,0
BRDA:13,1,0,3
BRDA:13,1,1,3
BRF:4
BRH:3
end_of_record
