<?xml version="1.0" encoding="UTF-8"?>
<coverage generated="1784578417804" clover="3.2.0">
  <project timestamp="1784578417804" name="All files">
    <metrics statements="40" coveredstatements="38" conditionals="16" coveredconditionals="13" methods="4" coveredmethods="3" elements="60" coveredelements="54" complexity="0" loc="40" ncloc="40" packages="2" files="2" classes="2"/>
    <package name="src">
      <metrics statements="3" coveredstatements="3" conditionals="0" coveredconditionals="0" methods="1" coveredmethods="1"/>
      <file name="app.service.ts" path="C:\Users\Jesús De Araujo\Desktop\Programacion Backend\Proyectos\e-ticket-platform\reservations-service\src\app.service.ts">
        <metrics statements="3" coveredstatements="3" conditionals="0" coveredconditionals="0" methods="1" coveredmethods="1"/>
        <line num="1" count="1" type="stmt"/>
        <line num="4" count="1" type="stmt"/>
        <line num="6" count="1" type="stmt"/>
      </file>
    </package>
    <package name="src.reservations">
      <metrics statements="37" coveredstatements="35" conditionals="16" coveredconditionals="13" methods="3" coveredmethods="2"/>
      <file name="reservations.service.ts" path="C:\Users\Jesús De Araujo\Desktop\Programacion Backend\Proyectos\e-ticket-platform\reservations-service\src\reservations\reservations.service.ts">
        <metrics statements="37" coveredstatements="35" conditionals="16" coveredconditionals="13" methods="3" coveredmethods="2"/>
        <line num="1" count="1" type="stmt"/>
        <line num="2" count="1" type="stmt"/>
        <line num="3" count="1" type="stmt"/>
        <line num="4" count="1" type="stmt"/>
        <line num="5" count="1" type="stmt"/>
        <line num="7" count="1" type="stmt"/>
        <line num="10" count="1" type="stmt"/>
        <line num="13" count="4" type="cond" truecount="6" falsecount="2"/>
        <line num="14" count="4" type="cond" truecount="3" falsecount="1"/>
        <line num="15" count="4" type="stmt"/>
        <line num="19" count="3" type="stmt"/>
        <line num="21" count="3" type="stmt"/>
        <line num="22" count="3" type="stmt"/>
        <line num="23" count="3" type="stmt"/>
        <line num="25" count="3" type="stmt"/>
        <line num="26" count="3" type="stmt"/>
        <line num="32" count="3" type="cond" truecount="2" falsecount="0"/>
        <line num="33" count="1" type="stmt"/>
        <line num="36" count="2" type="cond" truecount="2" falsecount="0"/>
        <line num="37" count="1" type="stmt"/>
        <line num="42" count="1" type="stmt"/>
        <line num="43" count="1" type="stmt"/>
        <line num="45" count="1" type="stmt"/>
        <line num="46" count="1" type="stmt"/>
        <line num="48" count="1" type="stmt"/>
        <line num="56" count="1" type="stmt"/>
        <line num="58" count="1" type="stmt"/>
        <line num="59" count="1" type="stmt"/>
        <line num="60" count="1" type="stmt"/>
        <line num="67" count="1" type="stmt"/>
        <line num="68" count="1" type="stmt"/>
        <line num="70" count="0" type="stmt"/>
        <line num="73" count="1" type="stmt"/>
        <line num="76" count="2" type="stmt"/>
        <line num="77" count="2" type="stmt"/>
        <line num="79" count="3" type="stmt"/>
        <line num="84" count="0" type="stmt"/>
      </file>
    </package>
  </project>
</coverage>
