{"C:\\Users\\Jesús De Araujo\\Desktop\\Programacion Backend\\Proyectos\\e-ticket-platform\\reservations-service\\src\\app.service.ts": {"path":"C:\\Users\\Jesús De Araujo\\Desktop\\Programacion Backend\\Proyectos\\e-ticket-platform\\reservations-service\\src\\app.service.ts","statementMap":{"0":{"start":{"line":1,"column":0},"end":{"line":1,"column":44}},"1":{"start":{"line":4,"column":7},"end":{"line":8,"column":null}},"2":{"start":{"line":6,"column":4},"end":{"line":6,"column":26}},"3":{"start":{"line":4,"column":13},"end":{"line":4,"column":23}},"4":{"start":{"line":4,"column":13},"end":{"line":8,"column":null}}},"fnMap":{"0":{"name":"(anonymous_1)","decl":{"start":{"line":5,"column":2},"end":{"line":5,"column":10}},"loc":{"start":{"line":5,"column":10},"end":{"line":7,"column":3}}}},"branchMap":{},"s":{"0":1,"1":1,"2":1,"3":1,"4":1},"f":{"0":1},"b":{}}
,"C:\\Users\\Jesús De Araujo\\Desktop\\Programacion Backend\\Proyectos\\e-ticket-platform\\reservations-service\\src\\reservations\\reservations.service.ts": {"path":"C:\\Users\\Jesús De Araujo\\Desktop\\Programacion Backend\\Proyectos\\e-ticket-platform\\reservations-service\\src\\reservations\\reservations.service.ts","statementMap":{"0":{"start":{"line":1,"column":0},"end":{"line":1,"column":92}},"1":{"start":{"line":2,"column":0},"end":{"line":2,"column":51}},"2":{"start":{"line":3,"column":0},"end":{"line":3,"column":49}},"3":{"start":{"line":4,"column":0},"end":{"line":4,"column":60}},"4":{"start":{"line":5,"column":0},"end":{"line":5,"column":59}},"5":{"start":{"line":7,"column":0},"end":{"line":7,"column":28}},"6":{"start":{"line":10,"column":7},"end":{"line":100,"column":null}},"7":{"start":{"line":13,"column":21},"end":{"line":13,"column":44}},"8":{"start":{"line":14,"column":21},"end":{"line":14,"column":33}},"9":{"start":{"line":15,"column":45},"end":{"line":15,"column":58}},"10":{"start":{"line":19,"column":34},"end":{"line":19,"column":54}},"11":{"start":{"line":21,"column":24},"end":{"line":21,"column":59}},"12":{"start":{"line":22,"column":4},"end":{"line":22,"column":32}},"13":{"start":{"line":23,"column":4},"end":{"line":23,"column":41}},"14":{"start":{"line":25,"column":4},"end":{"line":80,"column":5}},"15":{"start":{"line":26,"column":25},"end":{"line":30,"column":17}},"16":{"start":{"line":32,"column":6},"end":{"line":34,"column":7}},"17":{"start":{"line":33,"column":8},"end":{"line":33,"column":102}},"18":{"start":{"line":36,"column":6},"end":{"line":40,"column":7}},"19":{"start":{"line":37,"column":8},"end":{"line":39,"column":10}},"20":{"start":{"line":42,"column":6},"end":{"line":42,"column":35}},"21":{"start":{"line":43,"column":6},"end":{"line":43,"column":49}},"22":{"start":{"line":45,"column":29},"end":{"line":45,"column":45}},"23":{"start":{"line":46,"column":25},"end":{"line":46,"column":50}},"24":{"start":{"line":48,"column":29},"end":{"line":54,"column":8}},"25":{"start":{"line":56,"column":31},"end":{"line":56,"column":77}},"26":{"start":{"line":58,"column":6},"end":{"line":58,"column":44}},"27":{"start":{"line":59,"column":6},"end":{"line":71,"column":7}},"28":{"start":{"line":60,"column":29},"end":{"line":66,"column":10}},"29":{"start":{"line":67,"column":8},"end":{"line":67,"column":86}},"30":{"start":{"line":68,"column":8},"end":{"line":68,"column":90}},"31":{"start":{"line":70,"column":8},"end":{"line":70,"column":75}},"32":{"start":{"line":73,"column":6},"end":{"line":73,"column":30}},"33":{"start":{"line":76,"column":6},"end":{"line":76,"column":46}},"34":{"start":{"line":77,"column":6},"end":{"line":77,"column":18}},"35":{"start":{"line":79,"column":6},"end":{"line":79,"column":34}},"36":{"start":{"line":84,"column":2},"end":{"line":98,"column":18}},"37":{"start":{"line":10,"column":13},"end":{"line":10,"column":32}},"38":{"start":{"line":10,"column":13},"end":{"line":100,"column":null}}},"fnMap":{"0":{"name":"(anonymous_5)","decl":{"start":{"line":11,"column":2},"end":{"line":11,"column":null}},"loc":{"start":{"line":15,"column":63},"end":{"line":16,"column":6}}},"1":{"name":"(anonymous_6)","decl":{"start":{"line":18,"column":2},"end":{"line":18,"column":7}},"loc":{"start":{"line":18,"column":73},"end":{"line":81,"column":3}}},"2":{"name":"(anonymous_7)","decl":{"start":{"line":83,"column":2},"end":{"line":83,"column":7}},"loc":{"start":{"line":83,"column":15},"end":{"line":99,"column":3}}}},"branchMap":{"0":{"loc":{"start":{"line":32,"column":6},"end":{"line":34,"column":7}},"type":"if","locations":[{"start":{"line":32,"column":6},"end":{"line":34,"column":7}},{"start":{},"end":{}}]},"1":{"loc":{"start":{"line":36,"column":6},"end":{"line":40,"column":7}},"type":"if","locations":[{"start":{"line":36,"column":6},"end":{"line":40,"column":7}},{"start":{},"end":{}}]},"2":{"loc":{"start":{"line":13,"column":44},"end":{"line":13,"column":67}},"type":"cond-expr","locations":[{"start":{"line":13,"column":54},"end":{"line":13,"column":67}},{"start":{"line":13,"column":54},"end":{"line":13,"column":67}}]},"3":{"loc":{"start":{"line":13,"column":44},"end":{"line":13,"column":54}},"type":"binary-expr","locations":[{"start":{"line":13,"column":44},"end":{"line":13,"column":67}},{"start":{"line":13,"column":44},"end":{"line":13,"column":54}}]},"4":{"loc":{"start":{"line":13,"column":54},"end":{"line":14,"column":null}},"type":"cond-expr","locations":[{"start":{"line":14,"column":43},"end":{"line":14,"column":null}},{"start":{"line":14,"column":43},"end":{"line":14,"column":null}}]},"5":{"loc":{"start":{"line":13,"column":54},"end":{"line":14,"column":43}},"type":"binary-expr","locations":[{"start":{"line":13,"column":54},"end":{"line":14,"column":null}},{"start":{"line":14,"column":33},"end":{"line":14,"column":43}}]},"6":{"loc":{"start":{"line":14,"column":43},"end":{"line":15,"column":null}},"type":"cond-expr","locations":[{"start":{"line":15,"column":63},"end":{"line":15,"column":null}},{"start":{"line":15,"column":63},"end":{"line":15,"column":null}}]},"7":{"loc":{"start":{"line":14,"column":43},"end":{"line":15,"column":63}},"type":"binary-expr","locations":[{"start":{"line":14,"column":43},"end":{"line":15,"column":null}},{"start":{"line":15,"column":58},"end":{"line":15,"column":63}}]}},"s":{"0":1,"1":1,"2":1,"3":1,"4":1,"5":1,"6":1,"7":4,"8":4,"9":4,"10":3,"11":3,"12":3,"13":3,"14":3,"15":3,"16":3,"17":1,"18":2,"19":1,"20":1,"21":1,"22":1,"23":1,"24":1,"25":1,"26":1,"27":1,"28":1,"29":1,"30":1,"31":0,"32":1,"33":2,"34":2,"35":3,"36":0,"37":1,"38":1},"f":{"0":4,"1":3,"2":0},"b":{"0":[1,2],"1":[1,1],"2":[1,0],"3":[1,1],"4":[1,0],"5":[1,1],"6":[1,0],"7":[1,1]}}
}
