TN:
SF:src\app.service.ts
FN:5,(anonymous_1)
FNF:1
FNH:1
FNDA:1,(anonymous_1)
DA:1,1
DA:4,1
DA:6,1
LF:3
LH:3
BRF:0
BRH:0
end_of_record
TN:
SF:src\reservations\reservations.service.ts
FN:11,(anonymous_5)
FN:18,(anonymous_6)
FN:83,(anonymous_7)
FNF:3
FNH:2
FNDA:4,(anonymous_5)
FNDA:3,(anonymous_6)
FNDA:0,(anonymous_7)
DA:1,1
DA:2,1
DA:3,1
DA:4,1
DA:5,1
DA:7,1
DA:10,1
DA:13,4
DA:14,4
DA:15,4
DA:19,3
DA:21,3
DA:22,3
DA:23,3
DA:25,3
DA:26,3
DA:32,3
DA:33,1
DA:36,2
DA:37,1
DA:42,1
DA:43,1
DA:45,1
DA:46,1
DA:48,1
DA:56,1
DA:58,1
DA:59,1
DA:60,1
DA:67,1
DA:68,1
DA:70,0
DA:73,1
DA:76,2
DA:77,2
DA:79,3
DA:84,0
LF:37
LH:35
BRDA:32,0,0,1
BRDA:32,0,1,2
BRDA:36,1,0,1
BRDA:36,1,1,1
BRDA:13,2,0,1
BRDA:13,2,1,0
BRDA:13,3,0,1
BRDA:13,3,1,1
BRDA:13,4,0,1
BRDA:13,4,1,0
BRDA:13,5,0,1
BRDA:13,5,1,1
BRDA:14,6,0,1
BRDA:14,6,1,0
BRDA:14,7,0,1
BRDA:14,7,1,1
BRF:16
BRH:13
end_of_record
